[www.eastboundgroup.com/index.html]
[backblue.gif]
[fade.gif]
[index.html]
[www.eastboundgroup.com/css/bootstrap.min.css]
[www.eastboundgroup.com/css/jquery-ui.css]
[www.eastboundgroup.com/css/owl.carousel.css]
[www.eastboundgroup.com/css/chosen.css]
[www.eastboundgroup.com/css/font-awesome.min.css]
[www.eastboundgroup.com/css/flaticon-enterprise.css]
[www.eastboundgroup.com/css/streamline-icon.css]
[www.eastboundgroup.com/css/animate.css]
[www.eastboundgroup.com/css/easy-responsive-tabs.css]
[www.eastboundgroup.com/css/lightbox.min.css]
[www.eastboundgroup.com/css/flexslider.css]
[www.eastboundgroup.com/css/YTPlayer.css]
[www.eastboundgroup.com/css/stylesheet.css]
[www.eastboundgroup.com/nexa-font/font.css]
[www.eastboundgroup.com/js/popup2.js]
[www.eastboundgroup.com/js/popup1.js]
[www.eastboundgroup.com/css/style.css]
[eastboundgroup.com/images/Logo-combined.png]
[www.eastboundgroup.com/index-2.html]
[www.eastboundgroup.com/about-us.html]
[www.eastboundgroup.com/our-group.html]
[www.eastboundgroup.com/team.html]
[www.eastboundgroup.com/contact-us.html]
[www.eastboundgroup.com/destinations.html]
[www.eastboundgroup.com/services.html]
[www.eastboundgroup.com/csr.html]
[www.eastboundgroup.com/images/Slide1.png]
[www.eastboundgroup.com/images/Slide2.png]
[www.eastboundgroup.com/images/Slide3.png]
[www.eastboundgroup.com/images/Slide4.png]
[www.eastboundgroup.com/images/Slide5.png]
[www.eastboundgroup.com/images/hs.png]
[www.eastboundgroup.com/images/ep.png]
[www.eastboundgroup.com/discovery-trips.html]
[www.eastboundgroup.com/images/services/dt.png]
[www.eastboundgroup.com/adventure.html]
[www.eastboundgroup.com/images/services/oe.png]
[www.eastboundgroup.com/luxury-cruises.html]
[www.eastboundgroup.com/images/services/ls.png]
[www.eastboundgroup.com/photography-tours.html]
[www.eastboundgroup.com/images/services/pt.png]
[www.eastboundgroup.com/educational-tours.html]
[www.eastboundgroup.com/images/services/et.png]
[www.eastboundgroup.com/images/Culture.png]
[www.eastboundgroup.com/images/Wildlife.png]
[www.eastboundgroup.com/images/Style.png]
[www.eastboundgroup.com/images/hsbn.png]
[www.eastboundgroup.com/images/home-testi.jpg]
[eastboundgroup.com/images/our_group/2hub.jpg]
[eastboundgroup.com/images/our_group/chimelogo.png]
[eastboundgroup.com/images/our_group/byond.jpg]
[eastboundgroup.com/images/our_group/ebd.jpg]
[eastboundgroup.com/images/our_group/bts1.png]
[www.eastboundgroup.com/images/contact-us/1.png]
[www.eastboundgroup.com/images/contact-us/2.png]
[www.eastboundgroup.com/images/contact-us/3.png]
[www.eastboundgroup.com/images/contact-us/4.png]
[www.eastboundgroup.com/images/contact-us/5.png]
[www.eastboundgroup.com/images/contact-us/6.png]
[www.eastboundgroup.com/images/contact-us/7.png]
[www.eastboundgroup.com/images/contact-us/8.png]
[www.eastboundgroup.com/images/contact-us/9.png]
[www.eastboundgroup.com/images/contact-us/10.png]
[www.eastboundgroup.com/images/contact-us/aa.png]
[www.eastboundgroup.com/images/contact-us/bb.png]
[www.eastboundgroup.com/images/contact-us/cc.png]
[www.eastboundgroup.com/images/contact-us/dd.png]
[www.eastboundgroup.com/js/jquery-2.1.4.min.js]
[www.eastboundgroup.com/js/owl.carousel.min.js]
[www.eastboundgroup.com/js/jquery-ui.min.js]
[www.eastboundgroup.com/js/chosen.jquery.min.js]
[www.eastboundgroup.com/js/Modernizr.js]
[www.eastboundgroup.com/js/jquery.countTo.js]
[www.eastboundgroup.com/js/jquery.parallax-1.1.3.js]
[www.eastboundgroup.com/js/jquery.easing.min.js]
[www.eastboundgroup.com/js/jquery.easypiechart.min.js]
[www.eastboundgroup.com/js/jquery.debouncedresize.js]
[www.eastboundgroup.com/js/easyResponsiveTabs.js]
[www.eastboundgroup.com/js/lightbox.min.js]
[www.eastboundgroup.com/js/jquery.flexslider-min.js]
[www.eastboundgroup.com/js/jquery.mb.YTPlayer.js]
[www.eastboundgroup.com/js/jquery.countdown.min.js]
[www.eastboundgroup.com/js/isotope.pkgd.min.js]
[www.eastboundgroup.com/js/masonry.pkgd.min.js]
[www.eastboundgroup.com/js/imagesloaded.pkgd.min.js]
[www.eastboundgroup.com/js/portfolio.js]
[www.eastboundgroup.com/js/blog-masonry.js]
[www.eastboundgroup.com/js/masonry.js]
[www.eastboundgroup.com/index.html]
[www.eastboundgroup.com/js/custom.js]
[www.eastboundgroup.com/fonts/glyphicons-halflings-regular.eot]
[www.eastboundgroup.com/fonts/glyphicons-halflings-regulard41dd41d.eot]
[www.eastboundgroup.com/fonts/glyphicons-halflings-regular.woff2]
[www.eastboundgroup.com/fonts/glyphicons-halflings-regular.woff]
[www.eastboundgroup.com/fonts/glyphicons-halflings-regular.ttf]
[www.eastboundgroup.com/css/bootstrap.min.css]
[www.eastboundgroup.com/fonts/glyphicons-halflings-regular.svg]
[www.eastboundgroup.com/images/ui-icons_444444_256x240.png]
[www.eastboundgroup.com/images/ui-icons_777777_256x240.png]
[www.eastboundgroup.com/images/ui-icons_555555_256x240.png]
[www.eastboundgroup.com/images/ui-icons_ffffff_256x240.png]
[www.eastboundgroup.com/images/ui-icons_777620_256x240.png]
[www.eastboundgroup.com/images/ui-icons_cc0000_256x240.png]
[www.eastboundgroup.com/css/jquery-ui.css]
[www.eastboundgroup.com/css/owl.carousel.css]
[www.eastboundgroup.com/css/chosen.css]
[www.eastboundgroup.com/fonts/fontawesome-webfonte0a5e0a5.woff2]
[www.eastboundgroup.com/fonts/fontawesome-webfonte0a5e0a5.eot]
[www.eastboundgroup.com/fonts/fontawesome-webfontd41dd41d.eot]
[www.eastboundgroup.com/fonts/fontawesome-webfonte0a5e0a5.woff]
[www.eastboundgroup.com/css/font-awesome.min.css]
[www.eastboundgroup.com/fonts/flaticon-enterprise.eot]
[www.eastboundgroup.com/fonts/fontawesome-webfonte0a5e0a5.ttf]
[www.eastboundgroup.com/fonts/flaticon-enterprise.woff]
[www.eastboundgroup.com/css/flaticon-enterprise.css]
[www.eastboundgroup.com/fonts/fontawesome-webfonte0a5e0a5.svg]
[www.eastboundgroup.com/fonts/flaticon-enterprise.ttf]
[www.eastboundgroup.com/fonts/streamline-icon.eot]
[www.eastboundgroup.com/fonts/streamline-icon.woff]
[www.eastboundgroup.com/fonts/streamline-icon.ttf]
[www.eastboundgroup.com/css/streamline-icon.css]
[www.eastboundgroup.com/css/animate.css]
[www.eastboundgroup.com/css/easy-responsive-tabs.css]
[www.eastboundgroup.com/css/lightbox.min.css]
[www.eastboundgroup.com/css/flexslider.css]
[www.eastboundgroup.com/css/YTPlayer.css]
[www.eastboundgroup.com/fonts/DS-DIGII.ttf]
[www.eastboundgroup.com/css/stylesheet.css]
[www.eastboundgroup.com/fonts/Asiyah.otf]
[www.eastboundgroup.com/fonts/Asiyah.ttf]
[www.eastboundgroup.com/fonts/streamline-icon.svg]
[www.eastboundgroup.com/nexa-font/NexaFreeLightwebfont.woff]
[www.eastboundgroup.com/nexa-font/NexaFreeLightwebfont.eot]
[www.eastboundgroup.com/nexa-font/font.css]
[www.eastboundgroup.com/nexa-font/NexaFreeLightwebfont.ttf]
[www.eastboundgroup.com/images/quote.png]
[www.eastboundgroup.com/images/header-flower.png]
[www.eastboundgroup.com/images/header-flower-inner.png]
[www.eastboundgroup.com/images/header-flower-line.png]
[www.eastboundgroup.com/images/b/banner-header.jpg]
[www.eastboundgroup.com/images/base4.png]
[www.eastboundgroup.com/images/bk.png]
[www.eastboundgroup.com/images/base2.png]
[www.eastboundgroup.com/images/base5.png]
[www.eastboundgroup.com/images/base1.png]
[www.eastboundgroup.com/images/base6.png]
[www.eastboundgroup.com/images/base7.png]
[www.eastboundgroup.com/images/photography-tours/slider-bg.jpg]
[www.eastboundgroup.com/images/photography-tours/test.png]
[www.eastboundgroup.com/images/icon-video2.png]
[www.eastboundgroup.com/images/icon-video.png]
[www.eastboundgroup.com/images/video-play2.png]
[www.eastboundgroup.com/images/bg-title.png]
[www.eastboundgroup.com/images/close.png]
[www.eastboundgroup.com/images/bg-parallax8.jpg]
[www.eastboundgroup.com/images/provide1.png]
[www.eastboundgroup.com/images/provide2.png]
[www.eastboundgroup.com/images/provide3.png]
[www.eastboundgroup.com/images/provide4.png]
[www.eastboundgroup.com/images/provide5.png]
[www.eastboundgroup.com/images/provide10.png]
[www.eastboundgroup.com/images/provide11.png]
[www.eastboundgroup.com/images/provide12.png]
[www.eastboundgroup.com/images/provide14.png]
[www.eastboundgroup.com/images/footer-bg.png]
[www.eastboundgroup.com/images/restaurant/res-parallax1.jpg]
[www.eastboundgroup.com/images/b/banner-blog.jpg]
[www.eastboundgroup.com/images/blogs/b23.jpg]
[www.eastboundgroup.com/images/blogs/b24.jpg]
[www.eastboundgroup.com/images/blogs/b25.jpg]
[www.eastboundgroup.com/images/blogs/b26.jpg]
[www.eastboundgroup.com/images/blogs/b27.jpg]
[www.eastboundgroup.com/images/blogs/b28.jpg]
[www.eastboundgroup.com/images/b/banner-faq.jpg]
[www.eastboundgroup.com/images/b/banner-contact.jpg]
[www.eastboundgroup.com/images/b/banner-shop.jpg]
[www.eastboundgroup.com/images/commingsoon-1.jpg]
[www.eastboundgroup.com/images/commingsoon-2.jpg]
[www.eastboundgroup.com/images/bg-parallax5.jpg]
[www.eastboundgroup.com/images/bg-parallax6.jpg]
[www.eastboundgroup.com/images/b/paralax1.jpg]
[www.eastboundgroup.com/images/b/paralax2.jpg]
[www.eastboundgroup.com/images/b/paralax3.jpg]
[www.eastboundgroup.com/images/b/paralax4.a8.delayed]
[www.eastboundgroup.com/images/b/b4.png]
[www.eastboundgroup.com/images/b/paralax5.jpg]
[www.eastboundgroup.com/images/b/bg1.jpg]
[www.eastboundgroup.com/images/b/parallax7.jpg]
[www.eastboundgroup.com/images/b/paralax8.jpg]
[www.eastboundgroup.com/images/b/paralax9.jpg]
[www.eastboundgroup.com/images/b/paralax10.jpg]
[www.eastboundgroup.com/images/b/paralax11.jpg]
[www.eastboundgroup.com/images/bg-parallax1.jpg]
[www.eastboundgroup.com/images/bg-parallax3.jpg]
[www.eastboundgroup.com/images/bg-parallax2.jpg]
[www.eastboundgroup.com/images/bg-parallax4.jpg]
[www.eastboundgroup.com/images/bg-service.jpg]
[www.eastboundgroup.com/images/bg-portfolio.jpg]
[www.eastboundgroup.com/images/bg-about.jpg]
[www.eastboundgroup.com/images/bg-parallax7.jpg]
[www.eastboundgroup.com/images/bg-aboutme.jpg]
[www.eastboundgroup.com/images/bg-contact.jpg]
[www.eastboundgroup.com/images/patten1.png]
[www.eastboundgroup.com/images/bg-parallax9.jpg]
[www.eastboundgroup.com/images/bg-parallax10.jpg]
[www.eastboundgroup.com/images/bg-parallax11.jpg]
[www.eastboundgroup.com/images/bg-parallax12.jpg]
[www.eastboundgroup.com/images/bg-parallax13.jpg]
[www.eastboundgroup.com/images/bg-parallax14.jpg]
[www.eastboundgroup.com/images/bg-parallax15.jpg]
[www.eastboundgroup.com/images/bg-parallax16.jpg]
[www.eastboundgroup.com/images/bg-parallax17.jpg]
[www.eastboundgroup.com/images/bg-parallax18.jpg]
[www.eastboundgroup.com/images/bg-parallax19.jpg]
[www.eastboundgroup.com/images/bg-parallax20.jpg]
[www.eastboundgroup.com/images/bg-parallax21.jpg]
[www.eastboundgroup.com/images/bg-parallax22.jpg]
[www.eastboundgroup.com/images/restaurant/res-parallax0.jpg]
[www.eastboundgroup.com/images/restaurant/res-parallax2.jpg]
[www.eastboundgroup.com/images/restaurant/res-parallax3.jpg]
[www.eastboundgroup.com/images/bg-parallax23.jpg]
[www.eastboundgroup.com/images/close-light.png]
[www.eastboundgroup.com/css/style.css]
[www.eastboundgroup.com/index-2.html]
[www.eastboundgroup.com/css/about-slider.css]
[www.eastboundgroup.com/images/about-us/1.jpg]
[www.eastboundgroup.com/images/about-us/3.jpg]
[www.eastboundgroup.com/images/about-us/4.jpg]
[www.eastboundgroup.com/images/about-us/5.jpg]
[www.eastboundgroup.com/images/about-us/6.jpg]
[www.eastboundgroup.com/images/about-us/about-icon.png]
[www.eastboundgroup.com/images/about-us/ab.png]
[www.eastboundgroup.com/about-us.html]
[eastboundgroup.com/images/our_group/2hub_p.jpg]
[eastboundgroup.com/images/our_group/Chime.png]
[eastboundgroup.com/images/our_group/byond_p.jpg]
[eastboundgroup.com/images/our_group/ebd_p.jpg]
[eastboundgroup.com/images/our_group/bts.png]
[www.eastboundgroup.com/our-group.html]
[www.eastboundgroup.com/images/team/P.png]
[www.eastboundgroup.com/images/team/team.png]
[www.eastboundgroup.com/images/team/AK.png]
[www.eastboundgroup.com/images/team/RESHMA.jpg]
[www.eastboundgroup.com/images/team/RL.png]
[www.eastboundgroup.com/images/team/ichcha.jpg]
[www.eastboundgroup.com/images/team/Rohit.png]
[www.eastboundgroup.com/images/team/a.png]
[www.eastboundgroup.com/images/team/Swati.png]
[www.eastboundgroup.com/images/team/dipta.png]
[www.eastboundgroup.com/images/team/rajesh.png]
[www.eastboundgroup.com/images/team/Ishwar.png]
[www.eastboundgroup.com/images/team/Binay.png]
[www.eastboundgroup.com/images/team/Abhishek.png]
[www.eastboundgroup.com/images/team/4.jpg]
[www.eastboundgroup.com/images/team/5.jpg]
[www.eastboundgroup.com/images/team/6.jpg]
[www.eastboundgroup.com/images/team/7.jpg]
[eastboundgroup.com/images/team/wa.png]
[www.eastboundgroup.com/images/team/8.jpg]
[www.eastboundgroup.com/images/team/9.jpg]
[www.eastboundgroup.com/images/team/10.jpg]
[www.eastboundgroup.com/images/team/11.jpg]
[www.eastboundgroup.com/images/team/ns-1.jpg]
[www.eastboundgroup.com/images/team/ns-2.jpg]
[www.eastboundgroup.com/images/team/ns-3.jpg]
[www.eastboundgroup.com/images/team/12.jpg]
[www.eastboundgroup.com/images/team/13.jpg]
[www.eastboundgroup.com/images/team/14.jpg]
[www.eastboundgroup.com/images/team/15.jpg]
[www.eastboundgroup.com/images/team/us-2.jpg]
[www.eastboundgroup.com/images/team/Aniket.png]
[www.eastboundgroup.com/images/team/Aman.png]
[www.eastboundgroup.com/images/team/16.jpg]
[www.eastboundgroup.com/images/team/17.jpg]
[www.eastboundgroup.com/images/team/18.jpg]
[www.eastboundgroup.com/images/team/19.jpg]
[www.eastboundgroup.com/images/team/Deepsika.jpg]
[www.eastboundgroup.com/images/team/20.jpg]
[www.eastboundgroup.com/images/team/21.jpg]
[www.eastboundgroup.com/images/team/22.jpg]
[www.eastboundgroup.com/images/team/23.jpg]
[www.eastboundgroup.com/team.html]
[www.eastboundgroup.com/contact-us.html]
[www.eastboundgroup.com/india.html]
[www.eastboundgroup.com/images/destinations/india.png]
[www.eastboundgroup.com/srilanka.html]
[www.eastboundgroup.com/images/destinations/srilanka.png]
[www.eastboundgroup.com/uae.html]
[www.eastboundgroup.com/images/destinations/uae.png]
[www.eastboundgroup.com/bhutan.html]
[www.eastboundgroup.com/images/destinations/bhutan.png]
[www.eastboundgroup.com/images/destinations/5.jpg]
[www.eastboundgroup.com/nepal.html]
[www.eastboundgroup.com/images/destinations/nepal.png]
[www.eastboundgroup.com/destinations.html]
[www.eastboundgroup.com/images/services/9.jpg]
[www.eastboundgroup.com/services.html]
[www.eastboundgroup.com/images/csr/csru.png]
[www.eastboundgroup.com/images/csr/2.png]
[www.eastboundgroup.com/images/csr/ncsr.png]
[www.eastboundgroup.com/images/csr/5.png]
[www.eastboundgroup.com/images/csr/4.png]
[www.eastboundgroup.com/csr.html]
[www.eastboundgroup.com/images/discovery-trips/1.jpg]
[www.eastboundgroup.com/images/discovery-trips/2.jpg]
[www.eastboundgroup.com/images/discovery-trips/3.jpg]
[www.eastboundgroup.com/images/discovery-trips/4.jpg]
[www.eastboundgroup.com/images/discovery-trips/5.jpg]
[www.eastboundgroup.com/images/discovery-trips/6.jpg]
[www.eastboundgroup.com/discovery-trips.html]
[www.eastboundgroup.com/trekking.html]
[www.eastboundgroup.com/images/adventure/Trekking.jpg]
[www.eastboundgroup.com/Village_walks.html]
[www.eastboundgroup.com/images/adventure/Villagewalk1.jpg]
[www.eastboundgroup.com/Biking.html]
[www.eastboundgroup.com/images/adventure/biking1.jpg]
[www.eastboundgroup.com/Cycling.html]
[www.eastboundgroup.com/images/adventure/cycling1.jpg]
[www.eastboundgroup.com/Eastbound.html]
[www.eastboundgroup.com/images/adventure/self.jpg]
[www.eastboundgroup.com/safety.html]
[www.eastboundgroup.com/images/adventure/safety.jpg]
[www.eastboundgroup.com/adventure.html]
[www.eastboundgroup.com/images/luxury/luxury-2.jpg]
[www.eastboundgroup.com/images/luxury/luxury-1.jpg]
[www.eastboundgroup.com/luxury-cruises.html]
[www.eastboundgroup.com/css/jquery.littlelightbox.css]
[www.eastboundgroup.com/css/photography-slider.css]
[www.eastboundgroup.com/images/photography-tours/slide-1.jpg]
[www.eastboundgroup.com/images/photography-tours/slide-2.jpg]
[www.eastboundgroup.com/images/photography-tours/slide-3.jpg]
[www.eastboundgroup.com/images/photography-tours/parrot.jpg]
[www.eastboundgroup.com/images/photography-tours/abhishek.jpg]
[www.eastboundgroup.com/images/photography-tours/1-large.jpg]
[www.eastboundgroup.com/images/photography-tours/1.jpg]
[www.eastboundgroup.com/images/photography-tours/2-large.jpg]
[www.eastboundgroup.com/images/photography-tours/2.jpg]
[www.eastboundgroup.com/images/photography-tours/3-large.jpg]
[www.eastboundgroup.com/images/photography-tours/3.jpg]
[www.eastboundgroup.com/images/photography-tours/4-large.jpg]
[www.eastboundgroup.com/images/photography-tours/4.jpg]
[www.eastboundgroup.com/images/photography-tours/5-large.jpg]
[www.eastboundgroup.com/images/photography-tours/5.jpg]
[www.eastboundgroup.com/images/photography-tours/6-large.jpg]
[www.eastboundgroup.com/images/photography-tours/6.jpg]
[www.eastboundgroup.com/js/photography-tours.js]
[www.eastboundgroup.com/photography-tours.html]
[www.eastboundgroup.com/js/jquery.littlelightbox.js]
[www.eastboundgroup.com/images/educational-tours/1.jpg]
[www.eastboundgroup.com/images/educational-tours/2.jpg]
[www.eastboundgroup.com/images/educational-tours/3.jpg]
[www.eastboundgroup.com/images/educational-tours/4.jpg]
[www.eastboundgroup.com/images/educational-tours/5.jpg]
[www.eastboundgroup.com/images/educational-tours/6.jpg]
[www.eastboundgroup.com/educational-tours.html]
[www.eastboundgroup.com/fonts/glyphicons-halflings-regulard41dd41d.html]
[www.eastboundgroup.com/fonts/glyphicons-halflings-regular.svg]
[www.eastboundgroup.com/fonts/fontawesome-webfonte0a5e0a5.svg]
[www.eastboundgroup.com/fonts/streamline-icon.svg]
[www.eastboundgroup.com/fonts/DS-DIGII.html]
[www.eastboundgroup.com/images/b/banner-header.html]
[www.eastboundgroup.com/images/bg-title.html]
[www.eastboundgroup.com/images/bg-parallax8.html]
[www.eastboundgroup.com/images/provide1.html]
[www.eastboundgroup.com/images/provide2.html]
[www.eastboundgroup.com/images/provide3.html]
[www.eastboundgroup.com/images/provide4.html]
[www.eastboundgroup.com/images/provide5.html]
[www.eastboundgroup.com/images/provide10.html]
[www.eastboundgroup.com/images/provide11.html]
[www.eastboundgroup.com/images/provide12.html]
[www.eastboundgroup.com/images/provide14.html]
[www.eastboundgroup.com/images/restaurant/res-parallax1.html]
[www.eastboundgroup.com/images/b/banner-blog.html]
[www.eastboundgroup.com/images/blogs/b23.html]
[www.eastboundgroup.com/images/blogs/b24.html]
[www.eastboundgroup.com/images/blogs/b25.html]
[www.eastboundgroup.com/images/blogs/b26.html]
[www.eastboundgroup.com/images/blogs/b27.html]
[www.eastboundgroup.com/images/blogs/b28.html]
[www.eastboundgroup.com/images/b/banner-faq.html]
[www.eastboundgroup.com/images/b/banner-contact.html]
[www.eastboundgroup.com/images/b/banner-shop.html]
[www.eastboundgroup.com/images/commingsoon-1.html]
[www.eastboundgroup.com/images/commingsoon-2.html]
[www.eastboundgroup.com/images/bg-parallax5.html]
[www.eastboundgroup.com/images/bg-parallax6.html]
[www.eastboundgroup.com/images/b/paralax4.html]
[www.eastboundgroup.com/images/b/b4.html]
[www.eastboundgroup.com/images/b/paralax5.html]
[www.eastboundgroup.com/images/b/bg1.html]
[www.eastboundgroup.com/images/b/parallax7.html]
[www.eastboundgroup.com/images/b/paralax8.html]
[www.eastboundgroup.com/images/b/paralax9.html]
[www.eastboundgroup.com/images/b/paralax10.html]
[www.eastboundgroup.com/images/b/paralax11.html]
[www.eastboundgroup.com/images/bg-parallax1.html]
[www.eastboundgroup.com/images/bg-parallax3.html]
[www.eastboundgroup.com/images/bg-parallax2.html]
[www.eastboundgroup.com/images/bg-parallax4.html]
[www.eastboundgroup.com/images/bg-service.html]
[www.eastboundgroup.com/images/bg-portfolio.html]
[www.eastboundgroup.com/images/bg-about.html]
[www.eastboundgroup.com/images/bg-parallax7.html]
[www.eastboundgroup.com/images/bg-aboutme.html]
[www.eastboundgroup.com/images/bg-contact.html]
[www.eastboundgroup.com/images/patten1.html]
[www.eastboundgroup.com/images/bg-parallax9.html]
[www.eastboundgroup.com/images/bg-parallax10.html]
[www.eastboundgroup.com/images/bg-parallax11.html]
[www.eastboundgroup.com/images/bg-parallax12.html]
[www.eastboundgroup.com/images/bg-parallax13.html]
[www.eastboundgroup.com/images/bg-parallax14.html]
[www.eastboundgroup.com/images/bg-parallax15.html]
[www.eastboundgroup.com/images/bg-parallax16.html]
[www.eastboundgroup.com/images/bg-parallax17.html]
[www.eastboundgroup.com/images/bg-parallax18.html]
[www.eastboundgroup.com/images/bg-parallax19.html]
[www.eastboundgroup.com/images/bg-parallax20.html]
[www.eastboundgroup.com/images/bg-parallax21.html]
[www.eastboundgroup.com/images/bg-parallax22.html]
[www.eastboundgroup.com/images/restaurant/res-parallax0.html]
[www.eastboundgroup.com/images/restaurant/res-parallax2.html]
[www.eastboundgroup.com/images/restaurant/res-parallax3.html]
[www.eastboundgroup.com/images/bg-parallax23.html]
[www.eastboundgroup.com/css/about-slider.css]
[www.eastboundgroup.com/images/india/1.jpg]
[www.eastboundgroup.com/images/india/2.jpg]
[www.eastboundgroup.com/images/india/3.jpg]
[www.eastboundgroup.com/images/india/4.jpg]
[www.eastboundgroup.com/images/india/5.jpg]
[www.eastboundgroup.com/images/india/6.jpg]
[www.eastboundgroup.com/images/india/7.jpg]
[www.eastboundgroup.com/images/india/8.jpg]
[www.eastboundgroup.com/images/india/9.jpg]
[www.eastboundgroup.com/images/india/10.jpg]
[www.eastboundgroup.com/images/india/11.jpg]
[www.eastboundgroup.com/india.html]
[www.eastboundgroup.com/images/srilanka/1.jpg]
[www.eastboundgroup.com/images/srilanka/2.jpg]
[www.eastboundgroup.com/images/srilanka/3.jpg]
[www.eastboundgroup.com/images/srilanka/4.jpg]
[www.eastboundgroup.com/images/srilanka/5.jpg]
[www.eastboundgroup.com/images/srilanka/6.jpg]
[www.eastboundgroup.com/images/srilanka/7.jpg]
[www.eastboundgroup.com/images/srilanka/8.jpg]
[www.eastboundgroup.com/srilanka.html]
[www.eastboundgroup.com/images/uae images/HISTORY, ART.jpg]
[www.eastboundgroup.com/images/uae images/CUISINE.jpg]
[www.eastboundgroup.com/images/uae images/Mice.jpg]
[www.eastboundgroup.com/images/uae images/Wildlife.jpg]
[www.eastboundgroup.com/images/uae images/sports.jpg]
[www.eastboundgroup.com/images/uae images/wedding.jpg]
[www.eastboundgroup.com/uae.html]
[www.eastboundgroup.com/images/bhutan/1.jpg]
[www.eastboundgroup.com/images/bhutan/2.jpg]
[www.eastboundgroup.com/images/bhutan/3.jpg]
[www.eastboundgroup.com/images/bhutan/4.jpg]
[www.eastboundgroup.com/images/bhutan/5.jpg]
[www.eastboundgroup.com/images/bhutan/6.jpg]
[www.eastboundgroup.com/images/bhutan/7.jpg]
[www.eastboundgroup.com/images/bhutan/8.jpg]
[www.eastboundgroup.com/bhutan.html]
[www.eastboundgroup.com/images/nepal/1.jpg]
[www.eastboundgroup.com/images/nepal/2.jpg]
[www.eastboundgroup.com/images/nepal/3.jpg]
[www.eastboundgroup.com/nepal.html]
[www.eastboundgroup.com/images/photography-tours/slide-4.jpg]
[www.eastboundgroup.com/images/photography-tours/slide-5.jpg]
[www.eastboundgroup.com/images/photography-tours/Walking.jpg]
[www.eastboundgroup.com/trekking.html]
[www.eastboundgroup.com/images/photography-tours/villagewalk5.jpg]
[www.eastboundgroup.com/images/photography-tours/villagewalk4.jpg]
[www.eastboundgroup.com/images/photography-tours/Vwalking.jpg]
[www.eastboundgroup.com/Village_walks.html]
[www.eastboundgroup.com/images/photography-tours/biking.jpg]
[www.eastboundgroup.com/images/photography-tours/biking2.jpg]
[www.eastboundgroup.com/images/photography-tours/biking3.jpg]
[www.eastboundgroup.com/Biking.html]
[www.eastboundgroup.com/images/photography-tours/cycling1.jpg]
[www.eastboundgroup.com/images/photography-tours/cycling2.jpg]
[www.eastboundgroup.com/images/photography-tours/cycling3.jpg]
[www.eastboundgroup.com/Cycling.html]
[www.eastboundgroup.com/img/background.jpg]
[www.eastboundgroup.com/Eastbound.html]
[www.eastboundgroup.com/images/photography-tours/sl1.jpg]
[www.eastboundgroup.com/images/photography-tours/sl2.jpg]
[www.eastboundgroup.com/safety.html]
[www.eastboundgroup.com/resource/opacity.png]
[www.eastboundgroup.com/resource/lightbox_sprite.png]
[www.eastboundgroup.com/resource/transparent.png]
[www.eastboundgroup.com/resource/lightbox_loading.gif]
[www.eastboundgroup.com/images/photography-tours/bg.jpg]
[www.eastboundgroup.com/css/jquery.littlelightbox.css]
[www.eastboundgroup.com/css/photography-slider.css]
[www.eastboundgroup.com/images/photography-tours/Walking.html]
[www.eastboundgroup.com/img/background.html]
[www.eastboundgroup.com/photo-gallery.php]
